<?xml version="1.0" encoding="UTF-8"?>
<!-- Generated by org.testng.reporters.JUnitReportReporter -->
<testsuite hostname="QSP" failures="0" tests="5" name="testNg.Test1" time="0.047" errors="0" timestamp="2021-05-13T10:09:46 IST" skipped="1">
  <testcase classname="testNg.Test1" name="calls" time="0.033"/>
  <testcase classname="testNg.Test1" name="calls" time="0.005"/>
  <testcase classname="testNg.Test1" name="calls" time="0.003"/>
  <testcase classname="testNg.Test1" name="chats" time="0.006"/>
  <testcase classname="testNg.Test1" name="setting">
    <skipped/>
  </testcase> <!-- setting -->
</testsuite> <!-- testNg.Test1 -->
