<?xml version="1.0" encoding="UTF-8"?>
<!-- Generated by org.testng.reporters.JUnitReportReporter -->
<testsuite hostname="QSP" failures="0" tests="1" name="testNg.Testcase4" time="21.263" errors="0" timestamp="2021-05-14T09:46:18 IST" skipped="0">
  <testcase classname="testNg.Testcase4" name="createApage" time="21.263"/>
</testsuite> <!-- testNg.Testcase4 -->
