<?xml version="1.0" encoding="UTF-8"?>
<!-- Generated by org.testng.reporters.JUnitReportReporter -->
<testsuite hostname="QSP" failures="0" tests="1" name="testNg.Testcase3" time="20.461" errors="0" timestamp="2021-05-14T09:36:10 IST" skipped="0">
  <testcase classname="testNg.Testcase3" name="createApage" time="20.461"/>
</testsuite> <!-- testNg.Testcase3 -->
