<?xml version="1.0" encoding="UTF-8"?>
<!-- Generated by org.testng.reporters.JUnitReportReporter -->
<testsuite hostname="QSP" failures="0" tests="2" name="testNg.Test5" time="86.612" errors="0" timestamp="2021-05-17T08:59:46 IST" skipped="0">
  <testcase classname="testNg.Test5" name="openApp" time="36.732"/>
  <testcase classname="testNg.Test5" name="openApp" time="49.880"/>
</testsuite> <!-- testNg.Test5 -->
