<?xml version="1.0" encoding="UTF-8"?>
<!-- Generated by org.testng.reporters.JUnitReportReporter -->
<testsuite hostname="QSP" failures="0" tests="1" name="testNg.Testcase2" time="18.022" errors="0" timestamp="2021-05-14T09:36:10 IST" skipped="0">
  <testcase classname="testNg.Testcase2" name="forgotpassword" time="18.022"/>
</testsuite> <!-- testNg.Testcase2 -->
