<?xml version="1.0" encoding="UTF-8"?>
<!-- Generated by org.testng.reporters.JUnitReportReporter -->
<testsuite hostname="QSP" failures="0" tests="1" name="pom.Test0" time="8.828" errors="0" timestamp="2021-05-17T09:34:22 IST" skipped="0">
  <testcase classname="pom.Test0" name="demo" time="8.828"/>
</testsuite> <!-- pom.Test0 -->
