<?xml version="1.0" encoding="UTF-8"?>
<!-- Generated by org.testng.reporters.JUnitReportReporter -->
<testsuite hostname="QSP" failures="0" tests="1" name="pom.Actitime" time="22.347" errors="0" timestamp="2021-05-17T09:46:28 IST" skipped="0">
  <testcase classname="pom.Actitime" name="demo" time="22.347"/>
</testsuite> <!-- pom.Actitime -->
