<?xml version="1.0" encoding="UTF-8"?>
<!-- Generated by org.testng.reporters.JUnitReportReporter -->
<testsuite hostname="QSP" failures="0" tests="1" name="testNg.Test2" time="0.028" errors="0" timestamp="2021-05-14T08:59:25 IST" skipped="0">
  <testcase classname="testNg.Test2" name="test" time="0.028"/>
</testsuite> <!-- testNg.Test2 -->
